2020-07-07 12:03:06,171 INFO com.avinash.hotfixviewer.HotfixviewerApplication [main] Starting HotfixviewerApplication on avinasht01 with PID 13820 (C:\Users\avinasht\git\HFLogViewer_REST\HFLogViewerBackend\target\classes started by avinasht in C:\Users\avinasht\git\HFLogViewer_REST\HFLogViewerBackend)
2020-07-07 12:03:06,180 INFO com.avinash.hotfixviewer.HotfixviewerApplication [main] The following profiles are active: dev
2020-07-07 12:03:06,801 INFO org.springframework.data.repository.config.RepositoryConfigurationDelegate [main] Bootstrapping Spring Data MongoDB repositories in DEFAULT mode.
2020-07-07 12:03:06,867 INFO org.springframework.data.repository.config.RepositoryConfigurationDelegate [main] Finished Spring Data repository scanning in 60ms. Found 3 MongoDB repository interfaces.
2020-07-07 12:03:07,317 INFO org.springframework.boot.web.embedded.tomcat.TomcatWebServer [main] Tomcat initialized with port(s): 7777 (http)
2020-07-07 12:03:07,333 INFO org.apache.catalina.core.StandardService [main] Starting service [Tomcat]
2020-07-07 12:03:07,333 INFO org.apache.catalina.core.StandardEngine [main] Starting Servlet engine: [Apache Tomcat/9.0.34]
2020-07-07 12:03:07,334 INFO org.apache.catalina.core.AprLifecycleListener [main] An older version [1.2.16] of the APR based Apache Tomcat Native library is installed, while Tomcat recommends a minimum version of [1.2.23]
2020-07-07 12:03:07,335 INFO org.apache.catalina.core.AprLifecycleListener [main] Loaded APR based Apache Tomcat Native library [1.2.16] using APR version [1.6.3].
2020-07-07 12:03:07,335 INFO org.apache.catalina.core.AprLifecycleListener [main] APR capabilities: IPv6 [true], sendfile [true], accept filters [false], random [true].
2020-07-07 12:03:07,335 INFO org.apache.catalina.core.AprLifecycleListener [main] APR/OpenSSL configuration: useAprConnector [false], useOpenSSL [true]
2020-07-07 12:03:08,393 INFO org.apache.catalina.core.AprLifecycleListener [main] OpenSSL successfully initialized [OpenSSL 1.0.2m  2 Nov 2017]
2020-07-07 12:03:08,673 INFO org.apache.catalina.core.ContainerBase.[Tomcat].[localhost].[/] [main] Initializing Spring embedded WebApplicationContext
2020-07-07 12:03:08,673 INFO org.springframework.web.context.ContextLoader [main] Root WebApplicationContext: initialization completed in 2458 ms
2020-07-07 12:03:08,968 INFO org.mongodb.driver.cluster [main] Cluster created with settings {hosts=[localhost:27017], mode=MULTIPLE, requiredClusterType=UNKNOWN, serverSelectionTimeout='30000 ms', maxWaitQueueSize=500}
2020-07-07 12:03:08,968 INFO org.mongodb.driver.cluster [main] Adding discovered server localhost:27017 to client view of cluster
2020-07-07 12:03:09,027 INFO org.mongodb.driver.connection [cluster-ClusterId{value='5f04172466ea205c3c57a407', description='null'}-localhost:27017] Opened connection [connectionId{localValue:1, serverValue:5}] to localhost:27017
2020-07-07 12:03:09,030 INFO org.mongodb.driver.cluster [cluster-ClusterId{value='5f04172466ea205c3c57a407', description='null'}-localhost:27017] Monitor thread successfully connected to server with description ServerDescription{address=localhost:27017, type=STANDALONE, state=CONNECTED, ok=true, version=ServerVersion{versionList=[4, 2, 6]}, minWireVersion=0, maxWireVersion=8, maxDocumentSize=16777216, logicalSessionTimeoutMinutes=30, roundTripTimeNanos=2490222}
2020-07-07 12:03:09,031 INFO org.mongodb.driver.cluster [cluster-ClusterId{value='5f04172466ea205c3c57a407', description='null'}-localhost:27017] Discovered cluster type of STANDALONE
2020-07-07 12:03:09,496 INFO org.springframework.scheduling.concurrent.ThreadPoolTaskExecutor [main] Initializing ExecutorService 'applicationTaskExecutor'
2020-07-07 12:03:10,193 INFO org.springframework.boot.web.embedded.tomcat.TomcatWebServer [main] Tomcat started on port(s): 7777 (http) with context path ''
2020-07-07 12:03:10,194 INFO com.avinash.hotfixviewer.HotfixviewerApplication [main] Started HotfixviewerApplication in 4.392 seconds (JVM running for 5.575)
2020-07-07 12:03:10,195 INFO com.avinash.hotfixviewer.HotfixviewerApplication [main] 



2020-07-07 12:03:10,196 INFO com.avinash.hotfixviewer.HotfixviewerApplication [main] ============ Hotfix Application Started ============
2020-07-07 12:03:15,044 INFO org.mongodb.driver.connection [main] Opened connection [connectionId{localValue:2, serverValue:6}] to localhost:27017
2020-07-07 12:03:15,336 INFO com.avinash.hotfixviewer.Service.ECPFileHandler [main] Old records Deleted.
2020-07-07 12:03:15,952 INFO com.avinash.hotfixviewer.Service.ECPFileHandler [main] Data loading started: Tue Jul 07 12:03:15 IST 2020
2020-07-07 12:03:32,333 INFO com.avinash.hotfixviewer.Service.ECPFileHandler [main] Data loading finished: Tue Jul 07 12:03:32 IST 2020
2020-07-07 12:03:32,393 INFO com.avinash.hotfixviewer.Service.ECPFileHandler [main] Summary updated in DB !
2020-07-07 12:03:32,395 INFO com.avinash.hotfixviewer.HotfixviewerApplication [main] Records inserted: 13726

2020-07-07 12:03:32,395 INFO com.avinash.hotfixviewer.HotfixviewerApplication [main] ====== Database Summary ======
2020-07-07 12:03:32,396 INFO com.avinash.hotfixviewer.HotfixviewerApplication [main] Total hotfixes in DB: 13726
2020-07-07 12:03:32,396 INFO com.avinash.hotfixviewer.HotfixviewerApplication [main] Newly added hotfixes: 26
2020-07-07 12:05:23,742 INFO org.apache.catalina.core.ContainerBase.[Tomcat].[localhost].[/] [http-nio-7777-exec-1] Initializing Spring DispatcherServlet 'dispatcherServlet'
2020-07-07 12:05:23,745 INFO org.springframework.web.servlet.DispatcherServlet [http-nio-7777-exec-1] Initializing Servlet 'dispatcherServlet'
2020-07-07 12:05:23,772 INFO org.springframework.web.servlet.DispatcherServlet [http-nio-7777-exec-1] Completed initialization in 27 ms
2020-07-07 12:05:23,847 INFO com.avinash.hotfixviewer.Controller.EcpLogController [http-nio-7777-exec-1] 
Saved user details to database.
2020-07-07 12:08:05,623 INFO org.springframework.boot.admin.SpringApplicationAdminMXBeanRegistrar$SpringApplicationAdmin [RMI TCP Connection(3)-127.0.0.1] Application shutdown requested.
2020-07-07 12:08:05,626 INFO org.springframework.scheduling.concurrent.ThreadPoolTaskExecutor [RMI TCP Connection(3)-127.0.0.1] Shutting down ExecutorService 'applicationTaskExecutor'
2020-07-07 12:08:05,630 INFO org.mongodb.driver.connection [RMI TCP Connection(3)-127.0.0.1] Closed connection [connectionId{localValue:2, serverValue:6}] to localhost:27017 because the pool has been closed.
2020-07-07 12:08:15,793 INFO com.avinash.hotfixviewer.HotfixviewerApplication [main] Starting HotfixviewerApplication on avinasht01 with PID 15020 (C:\Users\avinasht\git\HFLogViewer_REST\HFLogViewerBackend\target\classes started by avinasht in C:\Users\avinasht\git\HFLogViewer_REST\HFLogViewerBackend)
2020-07-07 12:08:15,796 INFO com.avinash.hotfixviewer.HotfixviewerApplication [main] The following profiles are active: dev
2020-07-07 12:08:16,286 INFO org.springframework.data.repository.config.RepositoryConfigurationDelegate [main] Bootstrapping Spring Data MongoDB repositories in DEFAULT mode.
2020-07-07 12:08:16,348 INFO org.springframework.data.repository.config.RepositoryConfigurationDelegate [main] Finished Spring Data repository scanning in 58ms. Found 3 MongoDB repository interfaces.
2020-07-07 12:08:16,729 INFO org.springframework.boot.web.embedded.tomcat.TomcatWebServer [main] Tomcat initialized with port(s): 7777 (http)
2020-07-07 12:08:16,737 INFO org.apache.catalina.core.StandardService [main] Starting service [Tomcat]
2020-07-07 12:08:16,737 INFO org.apache.catalina.core.StandardEngine [main] Starting Servlet engine: [Apache Tomcat/9.0.34]
2020-07-07 12:08:16,739 INFO org.apache.catalina.core.AprLifecycleListener [main] An older version [1.2.16] of the APR based Apache Tomcat Native library is installed, while Tomcat recommends a minimum version of [1.2.23]
2020-07-07 12:08:16,739 INFO org.apache.catalina.core.AprLifecycleListener [main] Loaded APR based Apache Tomcat Native library [1.2.16] using APR version [1.6.3].
2020-07-07 12:08:16,739 INFO org.apache.catalina.core.AprLifecycleListener [main] APR capabilities: IPv6 [true], sendfile [true], accept filters [false], random [true].
2020-07-07 12:08:16,739 INFO org.apache.catalina.core.AprLifecycleListener [main] APR/OpenSSL configuration: useAprConnector [false], useOpenSSL [true]
2020-07-07 12:08:17,786 INFO org.apache.catalina.core.AprLifecycleListener [main] OpenSSL successfully initialized [OpenSSL 1.0.2m  2 Nov 2017]
2020-07-07 12:08:17,929 INFO org.apache.catalina.core.ContainerBase.[Tomcat].[localhost].[/] [main] Initializing Spring embedded WebApplicationContext
2020-07-07 12:08:17,929 INFO org.springframework.web.context.ContextLoader [main] Root WebApplicationContext: initialization completed in 2104 ms
2020-07-07 12:08:18,224 INFO org.mongodb.driver.cluster [main] Cluster created with settings {hosts=[localhost:27017], mode=MULTIPLE, requiredClusterType=UNKNOWN, serverSelectionTimeout='30000 ms', maxWaitQueueSize=500}
2020-07-07 12:08:18,224 INFO org.mongodb.driver.cluster [main] Adding discovered server localhost:27017 to client view of cluster
2020-07-07 12:08:18,264 INFO org.mongodb.driver.connection [cluster-ClusterId{value='5f04185a2994f166504be438', description='null'}-localhost:27017] Opened connection [connectionId{localValue:1, serverValue:13}] to localhost:27017
2020-07-07 12:08:18,268 INFO org.mongodb.driver.cluster [cluster-ClusterId{value='5f04185a2994f166504be438', description='null'}-localhost:27017] Monitor thread successfully connected to server with description ServerDescription{address=localhost:27017, type=STANDALONE, state=CONNECTED, ok=true, version=ServerVersion{versionList=[4, 2, 6]}, minWireVersion=0, maxWireVersion=8, maxDocumentSize=16777216, logicalSessionTimeoutMinutes=30, roundTripTimeNanos=2221443}
2020-07-07 12:08:18,269 INFO org.mongodb.driver.cluster [cluster-ClusterId{value='5f04185a2994f166504be438', description='null'}-localhost:27017] Discovered cluster type of STANDALONE
2020-07-07 12:08:18,706 INFO org.springframework.scheduling.concurrent.ThreadPoolTaskExecutor [main] Initializing ExecutorService 'applicationTaskExecutor'
2020-07-07 12:08:19,430 INFO org.springframework.boot.web.embedded.tomcat.TomcatWebServer [main] Tomcat started on port(s): 7777 (http) with context path ''
2020-07-07 12:08:19,432 INFO com.avinash.hotfixviewer.HotfixviewerApplication [main] Started HotfixviewerApplication in 3.961 seconds (JVM running for 4.994)
2020-07-07 12:08:19,432 INFO com.avinash.hotfixviewer.HotfixviewerApplication [main] 



2020-07-07 12:08:19,432 INFO com.avinash.hotfixviewer.HotfixviewerApplication [main] ============ Hotfix Application Started ============
2020-07-07 12:08:24,108 INFO org.mongodb.driver.connection [main] Opened connection [connectionId{localValue:2, serverValue:14}] to localhost:27017
2020-07-07 12:08:24,355 INFO com.avinash.hotfixviewer.Service.ECPFileHandler [main] Old records Deleted.
2020-07-07 12:08:25,012 INFO com.avinash.hotfixviewer.Service.ECPFileHandler [main] Data loading started: Tue Jul 07 12:08:25 IST 2020
2020-07-07 12:08:40,446 INFO com.avinash.hotfixviewer.Service.ECPFileHandler [main] Data loading finished: Tue Jul 07 12:08:40 IST 2020
2020-07-07 12:08:40,492 INFO com.avinash.hotfixviewer.Service.ECPFileHandler [main] Summary updated in DB !
2020-07-07 12:08:40,494 INFO com.avinash.hotfixviewer.HotfixviewerApplication [main] Records inserted: 13726

2020-07-07 12:08:40,494 INFO com.avinash.hotfixviewer.HotfixviewerApplication [main] ====== Database Summary ======
2020-07-07 12:08:40,495 INFO com.avinash.hotfixviewer.HotfixviewerApplication [main] Total hotfixes in DB: 13726
2020-07-07 12:08:40,496 INFO com.avinash.hotfixviewer.HotfixviewerApplication [main] Newly added hotfixes: 0
2020-07-07 12:08:51,293 INFO org.apache.catalina.core.ContainerBase.[Tomcat].[localhost].[/] [http-nio-7777-exec-1] Initializing Spring DispatcherServlet 'dispatcherServlet'
2020-07-07 12:08:51,294 INFO org.springframework.web.servlet.DispatcherServlet [http-nio-7777-exec-1] Initializing Servlet 'dispatcherServlet'
2020-07-07 12:08:51,300 INFO org.springframework.web.servlet.DispatcherServlet [http-nio-7777-exec-1] Completed initialization in 6 ms
2020-07-07 12:08:51,354 INFO com.avinash.hotfixviewer.Controller.EcpLogController [http-nio-7777-exec-1] 
Saved user details to database.
2020-07-07 12:09:13,911 INFO com.avinash.hotfixviewer.Controller.EcpLogController [http-nio-7777-exec-2] 
Saved user details to database.
2020-07-07 12:10:25,951 INFO org.springframework.boot.admin.SpringApplicationAdminMXBeanRegistrar$SpringApplicationAdmin [RMI TCP Connection(4)-127.0.0.1] Application shutdown requested.
2020-07-07 12:10:25,952 INFO org.springframework.scheduling.concurrent.ThreadPoolTaskExecutor [RMI TCP Connection(4)-127.0.0.1] Shutting down ExecutorService 'applicationTaskExecutor'
2020-07-07 12:10:25,955 INFO org.mongodb.driver.connection [RMI TCP Connection(4)-127.0.0.1] Closed connection [connectionId{localValue:2, serverValue:14}] to localhost:27017 because the pool has been closed.
2020-07-07 12:10:40,538 INFO com.avinash.hotfixviewer.HotfixviewerApplication [main] Starting HotfixviewerApplication on avinasht01 with PID 10964 (C:\Users\avinasht\git\HFLogViewer_REST\HFLogViewerBackend\target\classes started by avinasht in C:\Users\avinasht\git\HFLogViewer_REST\HFLogViewerBackend)
2020-07-07 12:10:40,541 INFO com.avinash.hotfixviewer.HotfixviewerApplication [main] The following profiles are active: dev
2020-07-07 12:10:41,021 INFO org.springframework.data.repository.config.RepositoryConfigurationDelegate [main] Bootstrapping Spring Data MongoDB repositories in DEFAULT mode.
2020-07-07 12:10:41,079 INFO org.springframework.data.repository.config.RepositoryConfigurationDelegate [main] Finished Spring Data repository scanning in 53ms. Found 3 MongoDB repository interfaces.
2020-07-07 12:10:41,430 INFO org.springframework.boot.web.embedded.tomcat.TomcatWebServer [main] Tomcat initialized with port(s): 7777 (http)
2020-07-07 12:10:41,437 INFO org.apache.catalina.core.StandardService [main] Starting service [Tomcat]
2020-07-07 12:10:41,437 INFO org.apache.catalina.core.StandardEngine [main] Starting Servlet engine: [Apache Tomcat/9.0.34]
2020-07-07 12:10:41,438 INFO org.apache.catalina.core.AprLifecycleListener [main] An older version [1.2.16] of the APR based Apache Tomcat Native library is installed, while Tomcat recommends a minimum version of [1.2.23]
2020-07-07 12:10:41,438 INFO org.apache.catalina.core.AprLifecycleListener [main] Loaded APR based Apache Tomcat Native library [1.2.16] using APR version [1.6.3].
2020-07-07 12:10:41,438 INFO org.apache.catalina.core.AprLifecycleListener [main] APR capabilities: IPv6 [true], sendfile [true], accept filters [false], random [true].
2020-07-07 12:10:41,439 INFO org.apache.catalina.core.AprLifecycleListener [main] APR/OpenSSL configuration: useAprConnector [false], useOpenSSL [true]
2020-07-07 12:10:42,490 INFO org.apache.catalina.core.AprLifecycleListener [main] OpenSSL successfully initialized [OpenSSL 1.0.2m  2 Nov 2017]
2020-07-07 12:10:42,606 INFO org.apache.catalina.core.ContainerBase.[Tomcat].[localhost].[/] [main] Initializing Spring embedded WebApplicationContext
2020-07-07 12:10:42,607 INFO org.springframework.web.context.ContextLoader [main] Root WebApplicationContext: initialization completed in 2033 ms
2020-07-07 12:10:42,863 INFO org.mongodb.driver.cluster [main] Cluster created with settings {hosts=[localhost:27017], mode=MULTIPLE, requiredClusterType=UNKNOWN, serverSelectionTimeout='30000 ms', maxWaitQueueSize=500}
2020-07-07 12:10:42,863 INFO org.mongodb.driver.cluster [main] Adding discovered server localhost:27017 to client view of cluster
2020-07-07 12:10:42,918 INFO org.mongodb.driver.connection [cluster-ClusterId{value='5f0418eae914120b748423cd', description='null'}-localhost:27017] Opened connection [connectionId{localValue:1, serverValue:15}] to localhost:27017
2020-07-07 12:10:42,922 INFO org.mongodb.driver.cluster [cluster-ClusterId{value='5f0418eae914120b748423cd', description='null'}-localhost:27017] Monitor thread successfully connected to server with description ServerDescription{address=localhost:27017, type=STANDALONE, state=CONNECTED, ok=true, version=ServerVersion{versionList=[4, 2, 6]}, minWireVersion=0, maxWireVersion=8, maxDocumentSize=16777216, logicalSessionTimeoutMinutes=30, roundTripTimeNanos=2427357}
2020-07-07 12:10:42,923 INFO org.mongodb.driver.cluster [cluster-ClusterId{value='5f0418eae914120b748423cd', description='null'}-localhost:27017] Discovered cluster type of STANDALONE
2020-07-07 12:10:43,349 INFO org.springframework.scheduling.concurrent.ThreadPoolTaskExecutor [main] Initializing ExecutorService 'applicationTaskExecutor'
2020-07-07 12:10:44,038 INFO org.springframework.boot.web.embedded.tomcat.TomcatWebServer [main] Tomcat started on port(s): 7777 (http) with context path ''
2020-07-07 12:10:44,040 INFO com.avinash.hotfixviewer.HotfixviewerApplication [main] Started HotfixviewerApplication in 6.481 seconds (JVM running for 7.529)
2020-07-07 12:10:44,041 INFO com.avinash.hotfixviewer.HotfixviewerApplication [main] 



2020-07-07 12:10:44,041 INFO com.avinash.hotfixviewer.HotfixviewerApplication [main] ============ Hotfix Application Started ============
2020-07-07 12:10:48,584 INFO org.mongodb.driver.connection [main] Opened connection [connectionId{localValue:2, serverValue:16}] to localhost:27017
2020-07-07 12:10:48,805 INFO com.avinash.hotfixviewer.Service.ECPFileHandler [main] Old records Deleted.
2020-07-07 12:10:49,400 INFO com.avinash.hotfixviewer.Service.ECPFileHandler [main] Data loading started: Tue Jul 07 12:10:49 IST 2020
2020-07-07 12:11:04,587 INFO com.avinash.hotfixviewer.Service.ECPFileHandler [main] Data loading finished: Tue Jul 07 12:11:04 IST 2020
2020-07-07 12:11:04,631 INFO com.avinash.hotfixviewer.Service.ECPFileHandler [main] Summary updated in DB !
2020-07-07 12:11:04,634 INFO com.avinash.hotfixviewer.HotfixviewerApplication [main] Records inserted: 13726

2020-07-07 12:11:04,634 INFO com.avinash.hotfixviewer.HotfixviewerApplication [main] ====== Database Summary ======
2020-07-07 12:11:04,635 INFO com.avinash.hotfixviewer.HotfixviewerApplication [main] Total hotfixes in DB: 13726
2020-07-07 12:11:04,636 INFO com.avinash.hotfixviewer.HotfixviewerApplication [main] Newly added hotfixes: 0
2020-07-07 12:11:19,475 INFO org.apache.catalina.core.ContainerBase.[Tomcat].[localhost].[/] [http-nio-7777-exec-1] Initializing Spring DispatcherServlet 'dispatcherServlet'
2020-07-07 12:11:19,476 INFO org.springframework.web.servlet.DispatcherServlet [http-nio-7777-exec-1] Initializing Servlet 'dispatcherServlet'
2020-07-07 12:11:19,483 INFO org.springframework.web.servlet.DispatcherServlet [http-nio-7777-exec-1] Completed initialization in 7 ms
2020-07-07 12:11:19,530 INFO com.avinash.hotfixviewer.Controller.EcpLogController [http-nio-7777-exec-1] 
Saved user details to database.
2020-07-07 12:12:04,616 INFO com.avinash.hotfixviewer.Controller.EcpLogController [http-nio-7777-exec-2] 
Saved user details to database.
2020-07-07 12:12:27,273 INFO org.springframework.boot.admin.SpringApplicationAdminMXBeanRegistrar$SpringApplicationAdmin [RMI TCP Connection(5)-127.0.0.1] Application shutdown requested.
2020-07-07 12:12:27,275 INFO org.springframework.scheduling.concurrent.ThreadPoolTaskExecutor [RMI TCP Connection(5)-127.0.0.1] Shutting down ExecutorService 'applicationTaskExecutor'
2020-07-07 12:12:27,278 INFO org.mongodb.driver.connection [RMI TCP Connection(5)-127.0.0.1] Closed connection [connectionId{localValue:2, serverValue:16}] to localhost:27017 because the pool has been closed.
2020-07-07 12:13:25,241 INFO com.avinash.hotfixviewer.HotfixviewerApplicationTests [main] Starting HotfixviewerApplicationTests on avinasht01 with PID 15356 (started by avinasht in C:\Users\avinasht\git\HFLogViewer_REST\HFLogViewerBackend)
2020-07-07 12:13:25,242 INFO com.avinash.hotfixviewer.HotfixviewerApplicationTests [main] The following profiles are active: prod
2020-07-07 12:13:26,159 INFO org.springframework.data.repository.config.RepositoryConfigurationDelegate [main] Bootstrapping Spring Data MongoDB repositories in DEFAULT mode.
2020-07-07 12:13:26,231 INFO org.springframework.data.repository.config.RepositoryConfigurationDelegate [main] Finished Spring Data repository scanning in 65ms. Found 3 MongoDB repository interfaces.
2020-07-07 12:13:27,109 INFO org.mongodb.driver.cluster [main] Cluster created with settings {hosts=[localhost:27017], mode=MULTIPLE, requiredClusterType=UNKNOWN, serverSelectionTimeout='30000 ms', maxWaitQueueSize=500}
2020-07-07 12:13:27,110 INFO org.mongodb.driver.cluster [main] Adding discovered server localhost:27017 to client view of cluster
2020-07-07 12:13:27,181 INFO org.mongodb.driver.connection [cluster-ClusterId{value='5f04198f714de125856b8b1c', description='null'}-localhost:27017] Opened connection [connectionId{localValue:1, serverValue:17}] to localhost:27017
2020-07-07 12:13:27,185 INFO org.mongodb.driver.cluster [cluster-ClusterId{value='5f04198f714de125856b8b1c', description='null'}-localhost:27017] Monitor thread successfully connected to server with description ServerDescription{address=localhost:27017, type=STANDALONE, state=CONNECTED, ok=true, version=ServerVersion{versionList=[4, 2, 6]}, minWireVersion=0, maxWireVersion=8, maxDocumentSize=16777216, logicalSessionTimeoutMinutes=30, roundTripTimeNanos=2849450}
2020-07-07 12:13:27,186 INFO org.mongodb.driver.cluster [cluster-ClusterId{value='5f04198f714de125856b8b1c', description='null'}-localhost:27017] Discovered cluster type of STANDALONE
2020-07-07 12:13:28,276 INFO org.springframework.scheduling.concurrent.ThreadPoolTaskExecutor [main] Initializing ExecutorService 'applicationTaskExecutor'
2020-07-07 12:13:29,659 INFO com.avinash.hotfixviewer.HotfixviewerApplicationTests [main] Started HotfixviewerApplicationTests in 4.994 seconds (JVM running for 6.072)
2020-07-07 12:13:29,661 INFO com.avinash.hotfixviewer.HotfixviewerApplication [main] 



2020-07-07 12:13:29,662 INFO com.avinash.hotfixviewer.HotfixviewerApplication [main] ============ Hotfix Application Started ============
2020-07-07 12:13:33,855 INFO org.mongodb.driver.connection [main] Opened connection [connectionId{localValue:2, serverValue:18}] to localhost:27017
2020-07-07 12:13:34,246 INFO com.avinash.hotfixviewer.Service.ECPFileHandler [main] Old records Deleted.
2020-07-07 12:13:35,037 INFO com.avinash.hotfixviewer.Service.ECPFileHandler [main] Data loading started: Tue Jul 07 12:13:35 IST 2020
2020-07-07 12:13:49,723 INFO com.avinash.hotfixviewer.Service.ECPFileHandler [main] Data loading finished: Tue Jul 07 12:13:49 IST 2020
2020-07-07 12:13:49,783 INFO com.avinash.hotfixviewer.Service.ECPFileHandler [main] Summary updated in DB !
2020-07-07 12:13:49,784 INFO com.avinash.hotfixviewer.HotfixviewerApplication [main] Records inserted: 13726

2020-07-07 12:13:49,785 INFO com.avinash.hotfixviewer.HotfixviewerApplication [main] ====== Database Summary ======
2020-07-07 12:13:49,786 INFO com.avinash.hotfixviewer.HotfixviewerApplication [main] Total hotfixes in DB: 13726
2020-07-07 12:13:49,787 INFO com.avinash.hotfixviewer.HotfixviewerApplication [main] Newly added hotfixes: 0
2020-07-07 12:13:51,627 INFO org.springframework.scheduling.concurrent.ThreadPoolTaskExecutor [SpringContextShutdownHook] Shutting down ExecutorService 'applicationTaskExecutor'
2020-07-07 12:13:51,631 INFO org.mongodb.driver.connection [SpringContextShutdownHook] Closed connection [connectionId{localValue:2, serverValue:18}] to localhost:27017 because the pool has been closed.
